2026-04-23 17:07:05,662 [INFO] TRY mid calculated: 155000.00 / 44.9484 = 3448.40 -> Buy: 3360, Sell: 3460
2026-04-23 17:07:05,663 [INFO] cycle Tehran=20:37 changed=True silent=never activity=True -> post
2026-04-23 17:07:06,201 [INFO] cycle result: {'action': 'posted', 'detail': 'change'}
2026-04-23 19:00:19,798 [INFO] TRY mid calculated: 155000.00 / 44.9484 = 3448.40 -> Buy: 3360, Sell: 3460
2026-04-23 19:00:19,799 [INFO] cycle Tehran=22:30 changed=True silent=113.3min activity=True -> post
2026-04-23 19:00:20,289 [INFO] cycle result: {'action': 'posted', 'detail': 'change'}
2026-04-23 20:39:40,294 [INFO] outside working hours (Tehran 00:09); sleeping
2026-04-23 20:39:40,295 [INFO] cycle result: {'action': 'idle', 'detail': 'outside_working_hours'}
2026-04-23 21:14:22,585 [INFO] outside working hours (Tehran 00:44); sleeping
2026-04-23 21:14:22,585 [INFO] cycle result: {'action': 'idle', 'detail': 'outside_working_hours'}
2026-04-23 21:16:54,627 [INFO] outside working hours (Tehran 00:46); sleeping
2026-04-23 21:16:54,627 [INFO] cycle result: {'action': 'idle', 'detail': 'outside_working_hours'}
2026-04-23 23:31:31,986 [INFO] outside working hours (Tehran 03:01); sleeping
2026-04-23 23:31:31,986 [INFO] cycle result: {'action': 'idle', 'detail': 'outside_working_hours'}
2026-04-24 03:04:15,675 [INFO] outside working hours (Tehran 06:34); sleeping
2026-04-24 03:04:15,676 [INFO] cycle result: {'action': 'idle', 'detail': 'outside_working_hours'}
2026-04-24 03:32:58,504 [INFO] outside working hours (Tehran 07:02); sleeping
2026-04-24 03:32:58,505 [INFO] cycle result: {'action': 'idle', 'detail': 'outside_working_hours'}
2026-04-24 04:05:07,284 [INFO] outside working hours (Tehran 07:35); sleeping
2026-04-24 04:05:07,284 [INFO] cycle result: {'action': 'idle', 'detail': 'outside_working_hours'}
2026-04-24 04:33:21,982 [INFO] outside working hours (Tehran 08:03); sleeping
2026-04-24 04:33:21,982 [INFO] cycle result: {'action': 'idle', 'detail': 'outside_working_hours'}
2026-04-24 05:06:20,356 [INFO] outside working hours (Tehran 08:36); sleeping
2026-04-24 05:06:20,356 [INFO] cycle result: {'action': 'idle', 'detail': 'outside_working_hours'}
2026-04-24 05:33:52,541 [INFO] TRY mid calculated: 155000.00 / 44.9447 = 3448.68 -> Buy: 3360, Sell: 3460
2026-04-24 05:33:52,542 [INFO] cycle Tehran=09:03 changed=False silent=633.6min activity=True -> post
2026-04-24 05:33:53,119 [INFO] cycle result: {'action': 'posted', 'detail': 'smart_update'}
2026-04-24 06:05:59,470 [INFO] TRY mid calculated: 155000.00 / 44.9447 = 3448.68 -> Buy: 3360, Sell: 3460
2026-04-24 06:05:59,470 [INFO] cycle Tehran=09:35 changed=False silent=32.2min activity=True -> post
2026-04-24 06:06:00,125 [INFO] cycle result: {'action': 'posted', 'detail': 'smart_update'}
